<?xml version="1.0" encoding="UTF-8"?>
<testsuite name="com.impact.pokemon.PokemonControllerTest" tests="5" skipped="0" failures="0" errors="0" timestamp="2024-08-23T03:21:39" hostname="DESKTOP-0J3P9UI" time="1.515">
  <properties/>
  <testcase name="testAttackWithNonExistingPokemon()" classname="com.impact.pokemon.PokemonControllerTest" time="1.439"/>
  <testcase name="testEffectivenessModifier()" classname="com.impact.pokemon.PokemonControllerTest" time="0.008"/>
  <testcase name="testSinglePokemon()" classname="com.impact.pokemon.PokemonControllerTest" time="0.005"/>
  <testcase name="testAttackPicksWinnerWithHitPoints()" classname="com.impact.pokemon.PokemonControllerTest" time="0.014"/>
  <testcase name="testPokemonPool()" classname="com.impact.pokemon.PokemonControllerTest" time="0.007"/>
  <system-out><![CDATA[
  .   ____          _            __ _ _
 /\\ / ___'_ __ _ _(_)_ __  __ _ \ \ \ \
( ( )\___ | '_ | '_| | '_ \/ _` | \ \ \ \
 \\/  ___)| |_)| | | | | || (_| |  ) ) ) )
  '  |____| .__|_| |_|_| |_\__, | / / / /
 =========|_|==============|___/=/_/_/_/
 :: Spring Boot ::                (v2.7.1)

2024-08-22 23:21:35 INFO c.i.p.PokemonControllerTest: Starting PokemonControllerTest using Java 17.0.12 on DESKTOP-0J3P9UI with PID 24644 (started by Karthik in C:\Users\Karthik\Desktop\pokemon-battle-oqvywl)
2024-08-22 23:21:35 INFO c.i.p.PokemonControllerTest: No active profile set, falling back to 1 default profile: "default"
2024-08-22 23:21:39 INFO c.i.p.PokemonControllerTest: Started PokemonControllerTest in 4.62 seconds (JVM running for 7.147)
2024-08-22 23:21:41 INFO c.i.p.PokemonController: Requested pokemonA: ABC, pokemonB: DEF
2024-08-22 23:21:41 INFO c.i.p.PokemonController: Requested pokemonA: Raticate, pokemonB: Metapod
]]></system-out>
  <system-err><![CDATA[]]></system-err>
</testsuite>
